[CommunicationLog]
S [002542E1] : (40)
S [002542E1] : (40)
S [002542E1] : (40)
S [002542E1] : (40)
S [002542E1] : (40)
S [002542E1] : (40)
S [002542E1] : (40)
S [002542E1] : (40)
S [002542E1] : (40)
S [002542E1] : (40)
S [002542E1] : (40)
S [00253C59] : (07)
S [00251170] : (40)
S [00251170] : (40)
S [00251170] : (40)
S [00251170] : (40)
S [00251170] : (40)
S [00251170] : (40)
S [00251170] : (40)
S [00251170] : (40)
S [00251170] : (40)
S [00251170] : (40)
S [00251170] : (40)
S [00250BF2] : (07)
S [0024CEDA] : (40)
S [0024CEDA] : (40)
S [0024CEDA] : (40)
S [0024CEDA] : (40)
S [0024CEDA] : (40)
S [0024CEDA] : (40)
S [0024CEDA] : (40)
S [0024CEDA] : (40)
S [0024CECA] : (40)
S [0024CECA] : (40)
S [0024CECA] : (40)
S [0024C748] : (07)
S [0024BEBD] : (40)
S [0024BEBD] : (40)
S [0024BEBD] : (40)
S [0024BEBD] : (40)
S [0024BEBD] : (40)
S [0024BEBD] : (40)
S [0024BEBD] : (40)
S [0024BEBD] : (40)
S [0024BEBD] : (40)
S [0024BEBD] : (40)
S [0024BEBD] : (40)
S [0024B585] : (07)
S [00248425] : (40)
S [00248425] : (40)
S [00248425] : (40)
S [00248425] : (40)
S [00248425] : (40)
S [00248425] : (40)
S [00248425] : (40)
S [00248425] : (40)
S [00248425] : (40)
S [00248425] : (40)
S [00248425] : (40)
S [00247D5E] : (07)
S [0024738B] : (40)
S [0024738B] : (40)
S [0024738B] : (40)
S [0024738B] : (40)
S [0024738B] : (40)
S [0024738B] : (40)
S [0024738B] : (40)
S [0024738B] : (40)
S [0024738B] : (40)
S [0024738B] : (40)
S [0024738B] : (40)
S [00246D80] : (07)
S [002398EA] : (40)
S [002398EA] : (40)
S [002398EA] : (40)
S [002398EA] : (40)
S [002398EA] : (40)
S [002398EA] : (40)
S [002398EA] : (40)
S [002398EA] : (40)
S [002398EA] : (40)
S [002398EA] : (40)
S [002398EA] : (40)
S [0022AF26] : (07)
S [0022A6BA] : (40)
S [0022A6BA] : (40)
S [0022A6BA] : (40)
S [0022A6BA] : (40)
S [0022A6BA] : (40)
S [0022A6BA] : (40)
S [0022A6BA] : (40)
S [0022A6BA] : (40)
S [0022A6BA] : (40)
S [0022A6BA] : (40)
S [0022A6BA] : (40)
S [002274DC] : (40)
S [002274DC] : (40)
S [002272F8] : (40)
S [002272E8] : (40)
S [002272D9] : (40)
S [00227162] : (40)
S [00225156] : (40)
S [00225147] : (40)
S [00225137] : (40)
S [00225128] : (40)
S [00225108] : (40)
S [002209AF] : (40)
S [002209AF] : (40)
S [002209AF] : (40)
S [002209AF] : (40)
S [002209AF] : (40)
S [002209AF] : (40)
S [002209AF] : (40)
S [002209AF] : (40)
S [002209AF] : (40)
S [002209AF] : (40)
S [002209AF] : (40)
S [0021FD1C] : (07)
S [0021B2D4] : (40)
S [0021B2D4] : (40)
S [0021A6AF] : (40)
S [0021A6AF] : (40)
S [0021A6AF] : (40)
S [0021A6AF] : (40)
S [0021A6AF] : (40)
S [0021A6AF] : (40)
S [0021A6AF] : (40)
S [0021A690] : (40)
S [0021A373] : (40)
S [0021A24A] : (40)
S [0021A1AE] : (40)
R [0021928B] : 8
S [002157C4] : 0B
R [002157C4] : 0
S [0021539D] : (0B)
R [0021535F] : 0
S [0021514C] : (07)
R [00208F92] : 0
S [00208F82] : (410F058000080)
R [00208F82] : 0
S [00208F63] : (410F050000080)
R [0020890A] : 0560B0001000000000DBE00000DB400000000000000000000000000000ACC0DB020450F053B04000FF800
S [002088EB] : (40)
R [002088EB] : 01
S [002088EB] : (34)
R [002088EB] : 010F053B
S [002088EB] : (35)
R [002088EB] : 0560B0001000000000DBE00000DB400000000000000000000000000000ACC0DB020450F053B04000FF800
S [002088CB] : (40)
R [002088CB] : 01
S [002088BC] : (34)
R [002088BC] : 010F053B
S [002088AC] : (35)
R [001F5DE8] : 0
S [001F5D9A] : (330F2773)
R [001F56F3] : 0000000000000000000000000000000000000000000000000000000000000138400010F27730000000000
S [001F56C4] : (40)
R [001F56C4] : 0
S [001F5656] : (21)
R [001F5656] : 0
S [001F4714] : 0B
R [001F4714] : 0
S [001F42EE] : (0B)
R [001F42AF] : 0
S [001F409C] : (07)
R [001F363C] : 0000000000000000000000000000000000000000000000000000000000000138400010F27730000000000
S [001F35FD] : (40)
R [001F35BF] : 0
S [001F33AB] : (07)
R [001F33AB] : 0
S [001F335D] : (08)
R [001F335D] : 0000000000000000000000000000000000000000000000000000000000000138400010F27730000000000
S [001F332E] : (40)
R [001F332E] : 01
S [001F331F] : (34)
R [001F331F] : 010F2773
S [001F32FF] : (35)
R [001F32FF] : 018066FFFFC000E000FFFF080404F08040411
S [001F32FF] : (00)
